<?xml version="1.0" encoding="UTF-8"?>
<testng-results skipped="0" failed="0" ignored="0" total="0" passed="0">
  <reporter-output>
  </reporter-output>
  <suite name="com.os.tid.forgerock.openam.nodes.Test" duration-ms="6" started-at="2019-12-11T18:23:33Z" finished-at="2019-12-11T18:23:33Z">
    <groups>
    </groups>
    <test name="Command line test" duration-ms="6" started-at="2019-12-11T18:23:33Z" finished-at="2019-12-11T18:23:33Z">
    </test> <!-- Command line test -->
  </suite> <!-- com.os.tid.forgerock.openam.nodes.Test -->
</testng-results>
